[debug] [2019-11-11T13:52:29.292Z] ----------------------------------------------------------------------
[debug] [2019-11-11T13:52:29.294Z] Command:       C:\Program Files\nodejs\node.exe C:\Users\ipolyakov\AppData\Roaming\npm\node_modules\firebase-tools\lib\bin\firebase.js login:ci
[debug] [2019-11-11T13:52:29.294Z] CLI Version:   7.7.0
[debug] [2019-11-11T13:52:29.294Z] Platform:      win32
[debug] [2019-11-11T13:52:29.294Z] Node Version:  v12.13.0
[debug] [2019-11-11T13:52:29.295Z] Time:          Mon Nov 11 2019 16:52:29 GMT+0300 (GMT+03:00)
[debug] [2019-11-11T13:52:29.295Z] ----------------------------------------------------------------------
[debug] [2019-11-11T13:52:29.295Z] 
[info] 
[info] Visit this URL on this device to log in:
[info] https://accounts.google.com/o/oauth2/auth?client_id=563584335869-fgrhgmd47bqnekij5i8b5pr03ho849e6.apps.googleusercontent.com&scope=email%20openid%20https%3A%2F%2Fwww.googleapis.com%2Fauth%2Fcloudplatformprojects.readonly%20https%3A%2F%2Fwww.googleapis.com%2Fauth%2Ffirebase%20https%3A%2F%2Fwww.googleapis.com%2Fauth%2Fcloud-platform&response_type=code&state=247645690&redirect_uri=http%3A%2F%2Flocalhost%3A9005
[info] 
[info] Waiting for authentication...
[debug] [2019-11-11T13:52:35.910Z] >>> HTTP REQUEST POST https://accounts.google.com/o/oauth2/token  

[debug] [2019-11-11T13:52:36.937Z] Token Fetch Error: FirebaseError: Server Error. connect ECONNREFUSED 209.85.233.84:443
    at Request._callback (C:\Users\ipolyakov\AppData\Roaming\npm\node_modules\firebase-tools\lib\api.js:30:31)
    at self.callback (C:\Users\ipolyakov\AppData\Roaming\npm\node_modules\firebase-tools\node_modules\request\request.js:185:22)
    at Request.emit (events.js:210:5)
    at Request.EventEmitter.emit (domain.js:476:20)
    at Request.onRequestError (C:\Users\ipolyakov\AppData\Roaming\npm\node_modules\firebase-tools\node_modules\request\request.js:881:8)
    at ClientRequest.emit (events.js:210:5)
    at ClientRequest.EventEmitter.emit (domain.js:476:20)
    at TLSSocket.socketErrorListener (_http_client.js:406:9)
    at TLSSocket.emit (events.js:210:5)
    at TLSSocket.EventEmitter.emit (domain.js:476:20)
